<?xml version="1.0" encoding="UTF-8"?>
<!-- Generated by org.testng.reporters.JUnitXMLReporter -->
<testsuite hostname="Sergeys-MacBook-Pro.local" ignored="0" name="Default test" tests="4" failures="0" timestamp="25 Aug 2017 01:31:14 GMT" time="0.072" errors="0">
  <testcase name="subtract_test_2_param" time="0.023" classname="core.SubtractTest"/>
  <testcase name="subtract_test_3_param" time="0.002" classname="core.SubtractTest"/>
  <testcase name="subtract_test_4_param" time="0.001" classname="core.SubtractTest"/>
  <testcase name="subtract_test_instanceOf" time="0.003" classname="core.SubtractTest"/>
</testsuite> <!-- Default test -->
